{"D:\\Projects\\WhisperNetDB\\src\\server.ts": {"path":"D:\\Projects\\WhisperNetDB\\src\\server.ts","statementMap":{"0":{"start":{"line":8,"column":13},"end":{"line":8,"column":17}},"1":{"start":{"line":9,"column":15},"end":{"line":9,"column":33}},"2":{"start":{"line":10,"column":15},"end":{"line":10,"column":33}},"3":{"start":{"line":12,"column":29},"end":{"line":12,"column":38}},"4":{"start":{"line":14,"column":4},"end":{"line":14,"column":28}},"5":{"start":{"line":15,"column":4},"end":{"line":15,"column":34}},"6":{"start":{"line":16,"column":4},"end":{"line":16,"column":52}},"7":{"start":{"line":17,"column":4},"end":{"line":19,"column":7}},"8":{"start":{"line":18,"column":8},"end":{"line":18,"column":39}},"9":{"start":{"line":21,"column":4},"end":{"line":21,"column":29}},"10":{"start":{"line":23,"column":4},"end":{"line":25,"column":7}},"11":{"start":{"line":24,"column":8},"end":{"line":24,"column":69}},"12":{"start":{"line":46,"column":0},"end":{"line":46,"column":7}}},"fnMap":{"0":{"name":"main","decl":{"start":{"line":11,"column":15},"end":{"line":11,"column":19}},"loc":{"start":{"line":11,"column":22},"end":{"line":45,"column":1}},"line":11},"1":{"name":"(anonymous_1)","decl":{"start":{"line":17,"column":17},"end":{"line":17,"column":18}},"loc":{"start":{"line":17,"column":29},"end":{"line":19,"column":5}},"line":17},"2":{"name":"(anonymous_2)","decl":{"start":{"line":23,"column":21},"end":{"line":23,"column":22}},"loc":{"start":{"line":23,"column":27},"end":{"line":25,"column":5}},"line":23}},"branchMap":{},"s":{"0":1,"1":1,"2":1,"3":1,"4":1,"5":1,"6":1,"7":1,"8":0,"9":1,"10":0,"11":0,"12":1},"f":{"0":1,"1":0,"2":0},"b":{},"_coverageSchema":"1a1c01bbd47fc00a2c39e90264f33305004495a9","hash":"029d0a2de91cb7180dde5b5b19d86deae3ec5cca"}
,"D:\\Projects\\WhisperNetDB\\src\\auth\\authOps.ts": {"path":"D:\\Projects\\WhisperNetDB\\src\\auth\\authOps.ts","statementMap":{"0":{"start":{"line":7,"column":0},"end":{"line":7,"column":16}},"1":{"start":{"line":9,"column":21},"end":{"line":9,"column":128}},"2":{"start":{"line":11,"column":21},"end":{"line":22,"column":1}},"3":{"start":{"line":12,"column":4},"end":{"line":21,"column":5}},"4":{"start":{"line":13,"column":8},"end":{"line":13,"column":43}},"5":{"start":{"line":14,"column":21},"end":{"line":14,"column":45}},"6":{"start":{"line":15,"column":31},"end":{"line":15,"column":64}},"7":{"start":{"line":16,"column":8},"end":{"line":16,"column":30}},"8":{"start":{"line":18,"column":8},"end":{"line":18,"column":52}},"9":{"start":{"line":19,"column":8},"end":{"line":19,"column":29}},"10":{"start":{"line":20,"column":8},"end":{"line":20,"column":18}},"11":{"start":{"line":24,"column":24},"end":{"line":32,"column":1}},"12":{"start":{"line":25,"column":4},"end":{"line":31,"column":5}},"13":{"start":{"line":26,"column":8},"end":{"line":26,"column":60}},"14":{"start":{"line":28,"column":8},"end":{"line":28,"column":54}},"15":{"start":{"line":29,"column":8},"end":{"line":29,"column":29}},"16":{"start":{"line":30,"column":8},"end":{"line":30,"column":20}},"17":{"start":{"line":34,"column":22},"end":{"line":52,"column":1}},"18":{"start":{"line":35,"column":4},"end":{"line":51,"column":5}},"19":{"start":{"line":36,"column":8},"end":{"line":36,"column":43}},"20":{"start":{"line":37,"column":24},"end":{"line":40,"column":9}},"21":{"start":{"line":41,"column":22},"end":{"line":43,"column":10}},"22":{"start":{"line":45,"column":8},"end":{"line":45,"column":21}},"23":{"start":{"line":48,"column":8},"end":{"line":48,"column":52}},"24":{"start":{"line":49,"column":8},"end":{"line":49,"column":29}},"25":{"start":{"line":50,"column":8},"end":{"line":50,"column":20}},"26":{"start":{"line":54,"column":20},"end":{"line":63,"column":1}},"27":{"start":{"line":55,"column":4},"end":{"line":62,"column":5}},"28":{"start":{"line":56,"column":24},"end":{"line":56,"column":64}},"29":{"start":{"line":57,"column":8},"end":{"line":57,"column":23}},"30":{"start":{"line":59,"column":8},"end":{"line":59,"column":50}},"31":{"start":{"line":60,"column":8},"end":{"line":60,"column":29}},"32":{"start":{"line":61,"column":8},"end":{"line":61,"column":20}}},"fnMap":{"0":{"name":"(anonymous_0)","decl":{"start":{"line":11,"column":21},"end":{"line":11,"column":22}},"loc":{"start":{"line":11,"column":66},"end":{"line":22,"column":1}},"line":11},"1":{"name":"(anonymous_1)","decl":{"start":{"line":24,"column":24},"end":{"line":24,"column":25}},"loc":{"start":{"line":24,"column":99},"end":{"line":32,"column":1}},"line":24},"2":{"name":"(anonymous_2)","decl":{"start":{"line":34,"column":22},"end":{"line":34,"column":23}},"loc":{"start":{"line":34,"column":72},"end":{"line":52,"column":1}},"line":34},"3":{"name":"(anonymous_3)","decl":{"start":{"line":54,"column":20},"end":{"line":54,"column":21}},"loc":{"start":{"line":54,"column":67},"end":{"line":63,"column":1}},"line":54}},"branchMap":{"0":{"loc":{"start":{"line":9,"column":21},"end":{"line":9,"column":128}},"type":"binary-expr","locations":[{"start":{"line":9,"column":21},"end":{"line":9,"column":45}},{"start":{"line":9,"column":49},"end":{"line":9,"column":128}}],"line":9}},"s":{"0":3,"1":3,"2":3,"3":13,"4":13,"5":13,"6":13,"7":13,"8":0,"9":0,"10":0,"11":3,"12":4,"13":4,"14":0,"15":0,"16":0,"17":3,"18":2,"19":2,"20":2,"21":2,"22":2,"23":0,"24":0,"25":0,"26":3,"27":2,"28":2,"29":1,"30":1,"31":1,"32":1},"f":{"0":13,"1":4,"2":2,"3":2},"b":{"0":[3,3]},"_coverageSchema":"1a1c01bbd47fc00a2c39e90264f33305004495a9","hash":"a09f55effa5303bc1ae9577b7019b8ec0f112977"}
,"D:\\Projects\\WhisperNetDB\\src\\database\\roomDB.ts": {"path":"D:\\Projects\\WhisperNetDB\\src\\database\\roomDB.ts","statementMap":{"0":{"start":{"line":11,"column":28},"end":{"line":11,"column":30}},"1":{"start":{"line":12,"column":36},"end":{"line":12,"column":48}},"2":{"start":{"line":15,"column":8},"end":{"line":15,"column":50}},"3":{"start":{"line":18,"column":29},"end":{"line":37,"column":5}},"4":{"start":{"line":19,"column":8},"end":{"line":36,"column":9}},"5":{"start":{"line":20,"column":31},"end":{"line":20,"column":69}},"6":{"start":{"line":21,"column":27},"end":{"line":21,"column":28}},"7":{"start":{"line":22,"column":25},"end":{"line":22,"column":27}},"8":{"start":{"line":24,"column":12},"end":{"line":31,"column":13}},"9":{"start":{"line":24,"column":25},"end":{"line":24,"column":26}},"10":{"start":{"line":25,"column":36},"end":{"line":25,"column":81}},"11":{"start":{"line":26,"column":16},"end":{"line":26,"column":50}},"12":{"start":{"line":28,"column":16},"end":{"line":30,"column":17}},"13":{"start":{"line":29,"column":20},"end":{"line":29,"column":34}},"14":{"start":{"line":32,"column":12},"end":{"line":32,"column":26}},"15":{"start":{"line":34,"column":12},"end":{"line":34,"column":62}},"16":{"start":{"line":35,"column":12},"end":{"line":35,"column":24}},"17":{"start":{"line":39,"column":33},"end":{"line":53,"column":5}},"18":{"start":{"line":40,"column":8},"end":{"line":52,"column":9}},"19":{"start":{"line":41,"column":12},"end":{"line":41,"column":54}},"20":{"start":{"line":42,"column":25},"end":{"line":42,"column":104}},"21":{"start":{"line":42,"column":51},"end":{"line":42,"column":103}},"22":{"start":{"line":43,"column":12},"end":{"line":47,"column":13}},"23":{"start":{"line":44,"column":16},"end":{"line":44,"column":52}},"24":{"start":{"line":45,"column":16},"end":{"line":45,"column":45}},"25":{"start":{"line":46,"column":16},"end":{"line":46,"column":28}},"26":{"start":{"line":48,"column":12},"end":{"line":48,"column":25}},"27":{"start":{"line":50,"column":12},"end":{"line":50,"column":67}},"28":{"start":{"line":51,"column":12},"end":{"line":51,"column":24}},"29":{"start":{"line":55,"column":26},"end":{"line":77,"column":5}},"30":{"start":{"line":56,"column":8},"end":{"line":76,"column":9}},"31":{"start":{"line":57,"column":27},"end":{"line":57,"column":48}},"32":{"start":{"line":58,"column":12},"end":{"line":61,"column":13}},"33":{"start":{"line":59,"column":16},"end":{"line":59,"column":57}},"34":{"start":{"line":60,"column":16},"end":{"line":60,"column":28}},"35":{"start":{"line":62,"column":12},"end":{"line":65,"column":13}},"36":{"start":{"line":63,"column":16},"end":{"line":63,"column":53}},"37":{"start":{"line":64,"column":16},"end":{"line":64,"column":28}},"38":{"start":{"line":66,"column":34},"end":{"line":70,"column":13}},"39":{"start":{"line":71,"column":12},"end":{"line":71,"column":37}},"40":{"start":{"line":72,"column":12},"end":{"line":72,"column":54}},"41":{"start":{"line":74,"column":12},"end":{"line":74,"column":60}},"42":{"start":{"line":75,"column":12},"end":{"line":75,"column":24}}},"fnMap":{"0":{"name":"(anonymous_0)","decl":{"start":{"line":14,"column":4},"end":{"line":14,"column":5}},"loc":{"start":{"line":14,"column":18},"end":{"line":16,"column":5}},"line":14},"1":{"name":"(anonymous_1)","decl":{"start":{"line":18,"column":29},"end":{"line":18,"column":30}},"loc":{"start":{"line":18,"column":50},"end":{"line":37,"column":5}},"line":18},"2":{"name":"(anonymous_2)","decl":{"start":{"line":39,"column":33},"end":{"line":39,"column":34}},"loc":{"start":{"line":39,"column":87},"end":{"line":53,"column":5}},"line":39},"3":{"name":"(anonymous_3)","decl":{"start":{"line":42,"column":41},"end":{"line":42,"column":42}},"loc":{"start":{"line":42,"column":51},"end":{"line":42,"column":103}},"line":42},"4":{"name":"(anonymous_4)","decl":{"start":{"line":55,"column":26},"end":{"line":55,"column":27}},"loc":{"start":{"line":55,"column":48},"end":{"line":77,"column":5}},"line":55}},"branchMap":{"0":{"loc":{"start":{"line":28,"column":16},"end":{"line":30,"column":17}},"type":"if","locations":[{"start":{"line":28,"column":16},"end":{"line":30,"column":17}},{"start":{},"end":{}}],"line":28},"1":{"loc":{"start":{"line":28,"column":20},"end":{"line":28,"column":57}},"type":"binary-expr","locations":[{"start":{"line":28,"column":20},"end":{"line":28,"column":37}},{"start":{"line":28,"column":41},"end":{"line":28,"column":57}}],"line":28},"2":{"loc":{"start":{"line":42,"column":51},"end":{"line":42,"column":103}},"type":"binary-expr","locations":[{"start":{"line":42,"column":51},"end":{"line":42,"column":73}},{"start":{"line":42,"column":77},"end":{"line":42,"column":103}}],"line":42},"3":{"loc":{"start":{"line":43,"column":12},"end":{"line":47,"column":13}},"type":"if","locations":[{"start":{"line":43,"column":12},"end":{"line":47,"column":13}},{"start":{},"end":{}}],"line":43},"4":{"loc":{"start":{"line":58,"column":12},"end":{"line":61,"column":13}},"type":"if","locations":[{"start":{"line":58,"column":12},"end":{"line":61,"column":13}},{"start":{},"end":{}}],"line":58},"5":{"loc":{"start":{"line":62,"column":12},"end":{"line":65,"column":13}},"type":"if","locations":[{"start":{"line":62,"column":12},"end":{"line":65,"column":13}},{"start":{},"end":{}}],"line":62}},"s":{"0":1,"1":1,"2":1,"3":1,"4":0,"5":0,"6":0,"7":0,"8":0,"9":0,"10":0,"11":0,"12":0,"13":0,"14":0,"15":0,"16":0,"17":1,"18":0,"19":0,"20":0,"21":0,"22":0,"23":0,"24":0,"25":0,"26":0,"27":0,"28":0,"29":1,"30":0,"31":0,"32":0,"33":0,"34":0,"35":0,"36":0,"37":0,"38":0,"39":0,"40":0,"41":0,"42":0},"f":{"0":1,"1":0,"2":0,"3":0,"4":0},"b":{"0":[0,0],"1":[0,0],"2":[0,0],"3":[0,0],"4":[0,0],"5":[0,0]},"_coverageSchema":"1a1c01bbd47fc00a2c39e90264f33305004495a9","hash":"242ff96fe86a55e88a72e4e79fde6b54696d4f77"}
,"D:\\Projects\\WhisperNetDB\\src\\database\\userDB.ts": {"path":"D:\\Projects\\WhisperNetDB\\src\\database\\userDB.ts","statementMap":{"0":{"start":{"line":21,"column":28},"end":{"line":21,"column":30}},"1":{"start":{"line":22,"column":31},"end":{"line":22,"column":42}},"2":{"start":{"line":25,"column":8},"end":{"line":25,"column":50}},"3":{"start":{"line":29,"column":35},"end":{"line":39,"column":5}},"4":{"start":{"line":30,"column":8},"end":{"line":38,"column":9}},"5":{"start":{"line":31,"column":12},"end":{"line":34,"column":13}},"6":{"start":{"line":32,"column":16},"end":{"line":32,"column":65}},"7":{"start":{"line":33,"column":16},"end":{"line":33,"column":63}},"8":{"start":{"line":36,"column":12},"end":{"line":36,"column":69}},"9":{"start":{"line":37,"column":12},"end":{"line":37,"column":24}},"10":{"start":{"line":40,"column":23},"end":{"line":77,"column":5}},"11":{"start":{"line":41,"column":8},"end":{"line":76,"column":9}},"12":{"start":{"line":42,"column":12},"end":{"line":42,"column":44}},"13":{"start":{"line":44,"column":12},"end":{"line":44,"column":46}},"14":{"start":{"line":47,"column":31},"end":{"line":47,"column":88}},"15":{"start":{"line":48,"column":31},"end":{"line":48,"column":52}},"16":{"start":{"line":51,"column":37},"end":{"line":57,"column":14}},"17":{"start":{"line":54,"column":20},"end":{"line":54,"column":42}},"18":{"start":{"line":55,"column":20},"end":{"line":55,"column":31}},"19":{"start":{"line":60,"column":12},"end":{"line":72,"column":15}},"20":{"start":{"line":61,"column":16},"end":{"line":71,"column":23}},"21":{"start":{"line":65,"column":24},"end":{"line":65,"column":87}},"22":{"start":{"line":66,"column":24},"end":{"line":66,"column":34}},"23":{"start":{"line":69,"column":24},"end":{"line":69,"column":75}},"24":{"start":{"line":70,"column":24},"end":{"line":70,"column":38}},"25":{"start":{"line":74,"column":12},"end":{"line":74,"column":56}},"26":{"start":{"line":75,"column":12},"end":{"line":75,"column":24}},"27":{"start":{"line":79,"column":33},"end":{"line":96,"column":5}},"28":{"start":{"line":80,"column":8},"end":{"line":95,"column":9}},"29":{"start":{"line":81,"column":12},"end":{"line":81,"column":59}},"30":{"start":{"line":82,"column":25},"end":{"line":82,"column":78}},"31":{"start":{"line":82,"column":51},"end":{"line":82,"column":77}},"32":{"start":{"line":83,"column":12},"end":{"line":88,"column":13}},"33":{"start":{"line":84,"column":16},"end":{"line":84,"column":52}},"34":{"start":{"line":85,"column":61},"end":{"line":85,"column":65}},"35":{"start":{"line":86,"column":16},"end":{"line":86,"column":49}},"36":{"start":{"line":87,"column":16},"end":{"line":87,"column":28}},"37":{"start":{"line":89,"column":12},"end":{"line":89,"column":48}},"38":{"start":{"line":90,"column":12},"end":{"line":90,"column":25}},"39":{"start":{"line":92,"column":12},"end":{"line":92,"column":72}},"40":{"start":{"line":93,"column":12},"end":{"line":93,"column":33}},"41":{"start":{"line":94,"column":12},"end":{"line":94,"column":24}},"42":{"start":{"line":98,"column":24},"end":{"line":124,"column":5}},"43":{"start":{"line":99,"column":8},"end":{"line":99,"column":51}},"44":{"start":{"line":100,"column":8},"end":{"line":123,"column":9}},"45":{"start":{"line":101,"column":12},"end":{"line":102,"column":28}},"46":{"start":{"line":102,"column":16},"end":{"line":102,"column":28}},"47":{"start":{"line":103,"column":12},"end":{"line":106,"column":13}},"48":{"start":{"line":104,"column":16},"end":{"line":104,"column":55}},"49":{"start":{"line":105,"column":16},"end":{"line":105,"column":28}},"50":{"start":{"line":107,"column":35},"end":{"line":107,"column":63}},"51":{"start":{"line":108,"column":30},"end":{"line":108,"column":68}},"52":{"start":{"line":109,"column":31},"end":{"line":115,"column":13}},"53":{"start":{"line":116,"column":12},"end":{"line":116,"column":34}},"54":{"start":{"line":117,"column":12},"end":{"line":117,"column":54}},"55":{"start":{"line":119,"column":12},"end":{"line":119,"column":24}},"56":{"start":{"line":121,"column":12},"end":{"line":121,"column":48}},"57":{"start":{"line":122,"column":12},"end":{"line":122,"column":24}},"58":{"start":{"line":126,"column":23},"end":{"line":138,"column":5}},"59":{"start":{"line":127,"column":27},"end":{"line":127,"column":63}},"60":{"start":{"line":128,"column":8},"end":{"line":130,"column":9}},"61":{"start":{"line":129,"column":12},"end":{"line":129,"column":24}},"62":{"start":{"line":131,"column":24},"end":{"line":131,"column":76}},"63":{"start":{"line":132,"column":8},"end":{"line":135,"column":9}},"64":{"start":{"line":133,"column":12},"end":{"line":133,"column":59}},"65":{"start":{"line":134,"column":12},"end":{"line":134,"column":24}},"66":{"start":{"line":136,"column":8},"end":{"line":136,"column":52}},"67":{"start":{"line":137,"column":8},"end":{"line":137,"column":30}},"68":{"start":{"line":140,"column":26},"end":{"line":154,"column":5}},"69":{"start":{"line":141,"column":8},"end":{"line":153,"column":9}},"70":{"start":{"line":142,"column":12},"end":{"line":142,"column":47}},"71":{"start":{"line":143,"column":27},"end":{"line":143,"column":80}},"72":{"start":{"line":143,"column":53},"end":{"line":143,"column":79}},"73":{"start":{"line":144,"column":12},"end":{"line":147,"column":13}},"74":{"start":{"line":145,"column":16},"end":{"line":145,"column":46}},"75":{"start":{"line":146,"column":16},"end":{"line":146,"column":34}},"76":{"start":{"line":148,"column":12},"end":{"line":148,"column":46}},"77":{"start":{"line":149,"column":12},"end":{"line":149,"column":24}},"78":{"start":{"line":151,"column":12},"end":{"line":151,"column":50}},"79":{"start":{"line":152,"column":12},"end":{"line":152,"column":24}},"80":{"start":{"line":156,"column":21},"end":{"line":180,"column":5}},"81":{"start":{"line":157,"column":8},"end":{"line":157,"column":47}},"82":{"start":{"line":158,"column":8},"end":{"line":179,"column":9}},"83":{"start":{"line":159,"column":25},"end":{"line":167,"column":14}},"84":{"start":{"line":160,"column":35},"end":{"line":165,"column":17}},"85":{"start":{"line":166,"column":16},"end":{"line":166,"column":87}},"86":{"start":{"line":168,"column":12},"end":{"line":171,"column":13}},"87":{"start":{"line":169,"column":16},"end":{"line":169,"column":47}},"88":{"start":{"line":170,"column":16},"end":{"line":170,"column":28}},"89":{"start":{"line":172,"column":12},"end":{"line":172,"column":39}},"90":{"start":{"line":173,"column":12},"end":{"line":173,"column":30}},"91":{"start":{"line":174,"column":12},"end":{"line":174,"column":24}},"92":{"start":{"line":176,"column":12},"end":{"line":176,"column":55}},"93":{"start":{"line":177,"column":12},"end":{"line":177,"column":33}},"94":{"start":{"line":178,"column":12},"end":{"line":178,"column":24}},"95":{"start":{"line":182,"column":28},"end":{"line":192,"column":5}},"96":{"start":{"line":183,"column":8},"end":{"line":183,"column":47}},"97":{"start":{"line":184,"column":33},"end":{"line":184,"column":68}},"98":{"start":{"line":185,"column":8},"end":{"line":191,"column":9}},"99":{"start":{"line":186,"column":12},"end":{"line":186,"column":71}},"100":{"start":{"line":187,"column":12},"end":{"line":187,"column":61}},"101":{"start":{"line":189,"column":12},"end":{"line":189,"column":61}},"102":{"start":{"line":190,"column":12},"end":{"line":190,"column":33}},"103":{"start":{"line":194,"column":21},"end":{"line":214,"column":5}},"104":{"start":{"line":195,"column":8},"end":{"line":195,"column":44}},"105":{"start":{"line":196,"column":8},"end":{"line":213,"column":9}},"106":{"start":{"line":197,"column":26},"end":{"line":205,"column":14}},"107":{"start":{"line":198,"column":35},"end":{"line":203,"column":17}},"108":{"start":{"line":204,"column":16},"end":{"line":204,"column":49}},"109":{"start":{"line":206,"column":12},"end":{"line":206,"column":40}},"110":{"start":{"line":207,"column":12},"end":{"line":207,"column":31}},"111":{"start":{"line":208,"column":12},"end":{"line":208,"column":25}},"112":{"start":{"line":210,"column":12},"end":{"line":210,"column":58}},"113":{"start":{"line":211,"column":12},"end":{"line":211,"column":33}},"114":{"start":{"line":212,"column":12},"end":{"line":212,"column":24}},"115":{"start":{"line":216,"column":26},"end":{"line":232,"column":5}},"116":{"start":{"line":217,"column":8},"end":{"line":217,"column":45}},"117":{"start":{"line":218,"column":8},"end":{"line":231,"column":9}},"118":{"start":{"line":219,"column":25},"end":{"line":219,"column":68}},"119":{"start":{"line":219,"column":51},"end":{"line":219,"column":67}},"120":{"start":{"line":220,"column":12},"end":{"line":223,"column":13}},"121":{"start":{"line":221,"column":16},"end":{"line":221,"column":47}},"122":{"start":{"line":222,"column":16},"end":{"line":222,"column":28}},"123":{"start":{"line":224,"column":12},"end":{"line":224,"column":39}},"124":{"start":{"line":225,"column":12},"end":{"line":225,"column":30}},"125":{"start":{"line":226,"column":12},"end":{"line":226,"column":24}},"126":{"start":{"line":228,"column":12},"end":{"line":228,"column":59}},"127":{"start":{"line":229,"column":12},"end":{"line":229,"column":33}},"128":{"start":{"line":230,"column":12},"end":{"line":230,"column":24}},"129":{"start":{"line":234,"column":24},"end":{"line":250,"column":5}},"130":{"start":{"line":235,"column":8},"end":{"line":235,"column":40}},"131":{"start":{"line":236,"column":8},"end":{"line":249,"column":9}},"132":{"start":{"line":237,"column":30},"end":{"line":237,"column":78}},"133":{"start":{"line":237,"column":61},"end":{"line":237,"column":77}},"134":{"start":{"line":238,"column":12},"end":{"line":241,"column":13}},"135":{"start":{"line":239,"column":16},"end":{"line":239,"column":47}},"136":{"start":{"line":240,"column":16},"end":{"line":240,"column":29}},"137":{"start":{"line":242,"column":12},"end":{"line":242,"column":44}},"138":{"start":{"line":243,"column":12},"end":{"line":243,"column":54}},"139":{"start":{"line":244,"column":12},"end":{"line":244,"column":24}},"140":{"start":{"line":246,"column":12},"end":{"line":246,"column":54}},"141":{"start":{"line":247,"column":12},"end":{"line":247,"column":33}},"142":{"start":{"line":248,"column":12},"end":{"line":248,"column":25}},"143":{"start":{"line":252,"column":24},"end":{"line":268,"column":5}},"144":{"start":{"line":253,"column":8},"end":{"line":253,"column":40}},"145":{"start":{"line":254,"column":8},"end":{"line":267,"column":9}},"146":{"start":{"line":255,"column":30},"end":{"line":255,"column":78}},"147":{"start":{"line":255,"column":61},"end":{"line":255,"column":77}},"148":{"start":{"line":256,"column":12},"end":{"line":259,"column":13}},"149":{"start":{"line":257,"column":16},"end":{"line":257,"column":47}},"150":{"start":{"line":258,"column":16},"end":{"line":258,"column":28}},"151":{"start":{"line":260,"column":12},"end":{"line":260,"column":81}},"152":{"start":{"line":261,"column":12},"end":{"line":261,"column":54}},"153":{"start":{"line":262,"column":12},"end":{"line":262,"column":41}},"154":{"start":{"line":264,"column":12},"end":{"line":264,"column":54}},"155":{"start":{"line":265,"column":12},"end":{"line":265,"column":33}},"156":{"start":{"line":266,"column":12},"end":{"line":266,"column":24}},"157":{"start":{"line":270,"column":26},"end":{"line":281,"column":5}},"158":{"start":{"line":271,"column":8},"end":{"line":271,"column":44}},"159":{"start":{"line":272,"column":8},"end":{"line":280,"column":9}},"160":{"start":{"line":273,"column":12},"end":{"line":273,"column":40}},"161":{"start":{"line":274,"column":12},"end":{"line":274,"column":36}},"162":{"start":{"line":275,"column":12},"end":{"line":275,"column":30}},"163":{"start":{"line":277,"column":12},"end":{"line":277,"column":58}},"164":{"start":{"line":278,"column":12},"end":{"line":278,"column":33}},"165":{"start":{"line":279,"column":12},"end":{"line":279,"column":22}}},"fnMap":{"0":{"name":"(anonymous_0)","decl":{"start":{"line":24,"column":4},"end":{"line":24,"column":5}},"loc":{"start":{"line":24,"column":18},"end":{"line":26,"column":5}},"line":24},"1":{"name":"(anonymous_1)","decl":{"start":{"line":29,"column":35},"end":{"line":29,"column":36}},"loc":{"start":{"line":29,"column":62},"end":{"line":39,"column":5}},"line":29},"2":{"name":"(anonymous_2)","decl":{"start":{"line":40,"column":23},"end":{"line":40,"column":24}},"loc":{"start":{"line":40,"column":50},"end":{"line":77,"column":5}},"line":40},"3":{"name":"(anonymous_3)","decl":{"start":{"line":53,"column":27},"end":{"line":53,"column":28}},"loc":{"start":{"line":53,"column":56},"end":{"line":56,"column":17}},"line":53},"4":{"name":"(anonymous_4)","decl":{"start":{"line":60,"column":31},"end":{"line":60,"column":32}},"loc":{"start":{"line":60,"column":52},"end":{"line":72,"column":13}},"line":60},"5":{"name":"(anonymous_5)","decl":{"start":{"line":64,"column":34},"end":{"line":64,"column":35}},"loc":{"start":{"line":64,"column":40},"end":{"line":67,"column":21}},"line":64},"6":{"name":"(anonymous_6)","decl":{"start":{"line":68,"column":33},"end":{"line":68,"column":34}},"loc":{"start":{"line":68,"column":44},"end":{"line":71,"column":21}},"line":68},"7":{"name":"(anonymous_7)","decl":{"start":{"line":79,"column":33},"end":{"line":79,"column":34}},"loc":{"start":{"line":79,"column":65},"end":{"line":96,"column":5}},"line":79},"8":{"name":"(anonymous_8)","decl":{"start":{"line":82,"column":41},"end":{"line":82,"column":42}},"loc":{"start":{"line":82,"column":51},"end":{"line":82,"column":77}},"line":82},"9":{"name":"(anonymous_9)","decl":{"start":{"line":98,"column":24},"end":{"line":98,"column":25}},"loc":{"start":{"line":98,"column":131},"end":{"line":124,"column":5}},"line":98},"10":{"name":"(anonymous_10)","decl":{"start":{"line":126,"column":23},"end":{"line":126,"column":24}},"loc":{"start":{"line":126,"column":93},"end":{"line":138,"column":5}},"line":126},"11":{"name":"(anonymous_11)","decl":{"start":{"line":140,"column":26},"end":{"line":140,"column":27}},"loc":{"start":{"line":140,"column":63},"end":{"line":154,"column":5}},"line":140},"12":{"name":"(anonymous_12)","decl":{"start":{"line":143,"column":43},"end":{"line":143,"column":44}},"loc":{"start":{"line":143,"column":53},"end":{"line":143,"column":79}},"line":143},"13":{"name":"(anonymous_13)","decl":{"start":{"line":156,"column":21},"end":{"line":156,"column":22}},"loc":{"start":{"line":156,"column":98},"end":{"line":180,"column":5}},"line":156},"14":{"name":"(anonymous_14)","decl":{"start":{"line":159,"column":41},"end":{"line":159,"column":42}},"loc":{"start":{"line":159,"column":51},"end":{"line":167,"column":13}},"line":159},"15":{"name":"(anonymous_15)","decl":{"start":{"line":182,"column":28},"end":{"line":182,"column":29}},"loc":{"start":{"line":182,"column":55},"end":{"line":192,"column":5}},"line":182},"16":{"name":"(anonymous_16)","decl":{"start":{"line":194,"column":21},"end":{"line":194,"column":22}},"loc":{"start":{"line":194,"column":51},"end":{"line":214,"column":5}},"line":194},"17":{"name":"(anonymous_17)","decl":{"start":{"line":197,"column":44},"end":{"line":197,"column":45}},"loc":{"start":{"line":197,"column":54},"end":{"line":205,"column":13}},"line":197},"18":{"name":"(anonymous_18)","decl":{"start":{"line":216,"column":26},"end":{"line":216,"column":27}},"loc":{"start":{"line":216,"column":56},"end":{"line":232,"column":5}},"line":216},"19":{"name":"(anonymous_19)","decl":{"start":{"line":219,"column":41},"end":{"line":219,"column":42}},"loc":{"start":{"line":219,"column":51},"end":{"line":219,"column":67}},"line":219},"20":{"name":"(anonymous_20)","decl":{"start":{"line":234,"column":24},"end":{"line":234,"column":25}},"loc":{"start":{"line":234,"column":50},"end":{"line":250,"column":5}},"line":234},"21":{"name":"(anonymous_21)","decl":{"start":{"line":237,"column":51},"end":{"line":237,"column":52}},"loc":{"start":{"line":237,"column":61},"end":{"line":237,"column":77}},"line":237},"22":{"name":"(anonymous_22)","decl":{"start":{"line":252,"column":24},"end":{"line":252,"column":25}},"loc":{"start":{"line":252,"column":82},"end":{"line":268,"column":5}},"line":252},"23":{"name":"(anonymous_23)","decl":{"start":{"line":255,"column":51},"end":{"line":255,"column":52}},"loc":{"start":{"line":255,"column":61},"end":{"line":255,"column":77}},"line":255},"24":{"name":"(anonymous_24)","decl":{"start":{"line":270,"column":26},"end":{"line":270,"column":27}},"loc":{"start":{"line":270,"column":40},"end":{"line":281,"column":5}},"line":270}},"branchMap":{"0":{"loc":{"start":{"line":31,"column":12},"end":{"line":34,"column":13}},"type":"if","locations":[{"start":{"line":31,"column":12},"end":{"line":34,"column":13}},{"start":{},"end":{}}],"line":31},"1":{"loc":{"start":{"line":83,"column":12},"end":{"line":88,"column":13}},"type":"if","locations":[{"start":{"line":83,"column":12},"end":{"line":88,"column":13}},{"start":{},"end":{}}],"line":83},"2":{"loc":{"start":{"line":101,"column":12},"end":{"line":102,"column":28}},"type":"if","locations":[{"start":{"line":101,"column":12},"end":{"line":102,"column":28}},{"start":{},"end":{}}],"line":101},"3":{"loc":{"start":{"line":103,"column":12},"end":{"line":106,"column":13}},"type":"if","locations":[{"start":{"line":103,"column":12},"end":{"line":106,"column":13}},{"start":{},"end":{}}],"line":103},"4":{"loc":{"start":{"line":128,"column":8},"end":{"line":130,"column":9}},"type":"if","locations":[{"start":{"line":128,"column":8},"end":{"line":130,"column":9}},{"start":{},"end":{}}],"line":128},"5":{"loc":{"start":{"line":128,"column":12},"end":{"line":128,"column":66}},"type":"binary-expr","locations":[{"start":{"line":128,"column":12},"end":{"line":128,"column":23}},{"start":{"line":128,"column":27},"end":{"line":128,"column":47}},{"start":{"line":128,"column":51},"end":{"line":128,"column":66}}],"line":128},"6":{"loc":{"start":{"line":132,"column":8},"end":{"line":135,"column":9}},"type":"if","locations":[{"start":{"line":132,"column":8},"end":{"line":135,"column":9}},{"start":{},"end":{}}],"line":132},"7":{"loc":{"start":{"line":144,"column":12},"end":{"line":147,"column":13}},"type":"if","locations":[{"start":{"line":144,"column":12},"end":{"line":147,"column":13}},{"start":{},"end":{}}],"line":144},"8":{"loc":{"start":{"line":156,"column":47},"end":{"line":156,"column":71}},"type":"default-arg","locations":[{"start":{"line":156,"column":67},"end":{"line":156,"column":71}}],"line":156},"9":{"loc":{"start":{"line":161,"column":20},"end":{"line":161,"column":82}},"type":"cond-expr","locations":[{"start":{"line":161,"column":40},"end":{"line":161,"column":75}},{"start":{"line":161,"column":78},"end":{"line":161,"column":82}}],"line":161},"10":{"loc":{"start":{"line":162,"column":20},"end":{"line":162,"column":67}},"type":"cond-expr","locations":[{"start":{"line":162,"column":35},"end":{"line":162,"column":60}},{"start":{"line":162,"column":63},"end":{"line":162,"column":67}}],"line":162},"11":{"loc":{"start":{"line":163,"column":20},"end":{"line":163,"column":97}},"type":"cond-expr","locations":[{"start":{"line":163,"column":45},"end":{"line":163,"column":90}},{"start":{"line":163,"column":93},"end":{"line":163,"column":97}}],"line":163},"12":{"loc":{"start":{"line":164,"column":20},"end":{"line":164,"column":82}},"type":"cond-expr","locations":[{"start":{"line":164,"column":40},"end":{"line":164,"column":75}},{"start":{"line":164,"column":78},"end":{"line":164,"column":82}}],"line":164},"13":{"loc":{"start":{"line":166,"column":23},"end":{"line":166,"column":86}},"type":"cond-expr","locations":[{"start":{"line":166,"column":34},"end":{"line":166,"column":59}},{"start":{"line":166,"column":62},"end":{"line":166,"column":86}}],"line":166},"14":{"loc":{"start":{"line":168,"column":12},"end":{"line":171,"column":13}},"type":"if","locations":[{"start":{"line":168,"column":12},"end":{"line":171,"column":13}},{"start":{},"end":{}}],"line":168},"15":{"loc":{"start":{"line":199,"column":20},"end":{"line":199,"column":84}},"type":"cond-expr","locations":[{"start":{"line":199,"column":41},"end":{"line":199,"column":77}},{"start":{"line":199,"column":80},"end":{"line":199,"column":84}}],"line":199},"16":{"loc":{"start":{"line":200,"column":20},"end":{"line":200,"column":69}},"type":"cond-expr","locations":[{"start":{"line":200,"column":36},"end":{"line":200,"column":62}},{"start":{"line":200,"column":65},"end":{"line":200,"column":69}}],"line":200},"17":{"loc":{"start":{"line":201,"column":20},"end":{"line":201,"column":99}},"type":"cond-expr","locations":[{"start":{"line":201,"column":46},"end":{"line":201,"column":92}},{"start":{"line":201,"column":95},"end":{"line":201,"column":99}}],"line":201},"18":{"loc":{"start":{"line":202,"column":20},"end":{"line":202,"column":84}},"type":"cond-expr","locations":[{"start":{"line":202,"column":41},"end":{"line":202,"column":77}},{"start":{"line":202,"column":80},"end":{"line":202,"column":84}}],"line":202},"19":{"loc":{"start":{"line":220,"column":12},"end":{"line":223,"column":13}},"type":"if","locations":[{"start":{"line":220,"column":12},"end":{"line":223,"column":13}},{"start":{},"end":{}}],"line":220},"20":{"loc":{"start":{"line":238,"column":12},"end":{"line":241,"column":13}},"type":"if","locations":[{"start":{"line":238,"column":12},"end":{"line":241,"column":13}},{"start":{},"end":{}}],"line":238},"21":{"loc":{"start":{"line":256,"column":12},"end":{"line":259,"column":13}},"type":"if","locations":[{"start":{"line":256,"column":12},"end":{"line":259,"column":13}},{"start":{},"end":{}}],"line":256}},"s":{"0":16,"1":16,"2":16,"3":16,"4":1,"5":1,"6":0,"7":0,"8":0,"9":0,"10":16,"11":1,"12":1,"13":1,"14":1,"15":1,"16":1,"17":0,"18":0,"19":1,"20":1,"21":0,"22":0,"23":0,"24":0,"25":0,"26":0,"27":16,"28":11,"29":11,"30":11,"31":2,"32":11,"33":1,"34":1,"35":1,"36":1,"37":10,"38":10,"39":0,"40":0,"41":0,"42":16,"43":12,"44":12,"45":12,"46":1,"47":11,"48":1,"49":1,"50":10,"51":10,"52":10,"53":10,"54":10,"55":10,"56":0,"57":0,"58":16,"59":3,"60":3,"61":1,"62":2,"63":2,"64":1,"65":1,"66":1,"67":1,"68":16,"69":0,"70":0,"71":0,"72":0,"73":0,"74":0,"75":0,"76":0,"77":0,"78":0,"79":0,"80":16,"81":5,"82":5,"83":5,"84":3,"85":3,"86":5,"87":2,"88":2,"89":3,"90":3,"91":3,"92":0,"93":0,"94":0,"95":16,"96":0,"97":0,"98":0,"99":0,"100":0,"101":0,"102":0,"103":16,"104":0,"105":0,"106":0,"107":0,"108":0,"109":0,"110":0,"111":0,"112":0,"113":0,"114":0,"115":16,"116":3,"117":3,"118":3,"119":1,"120":3,"121":2,"122":2,"123":1,"124":1,"125":1,"126":0,"127":0,"128":0,"129":16,"130":2,"131":2,"132":2,"133":1,"134":2,"135":1,"136":1,"137":1,"138":1,"139":1,"140":0,"141":0,"142":0,"143":16,"144":2,"145":2,"146":2,"147":1,"148":2,"149":1,"150":1,"151":1,"152":1,"153":1,"154":0,"155":0,"156":0,"157":16,"158":1,"159":1,"160":1,"161":1,"162":1,"163":0,"164":0,"165":0},"f":{"0":16,"1":1,"2":1,"3":0,"4":1,"5":0,"6":0,"7":11,"8":2,"9":12,"10":3,"11":0,"12":0,"13":5,"14":3,"15":0,"16":0,"17":0,"18":3,"19":1,"20":2,"21":1,"22":2,"23":1,"24":1},"b":{"0":[0,1],"1":[1,10],"2":[1,11],"3":[1,10],"4":[1,2],"5":[3,2,2],"6":[1,1],"7":[0,0],"8":[5],"9":[3,0],"10":[0,3],"11":[0,3],"12":[0,3],"13":[3,0],"14":[2,3],"15":[0,0],"16":[0,0],"17":[0,0],"18":[0,0],"19":[2,1],"20":[1,1],"21":[1,1]},"_coverageSchema":"1a1c01bbd47fc00a2c39e90264f33305004495a9","hash":"16387f5b4296d4db8c8275db66d46198dd5f2596"}
,"D:\\Projects\\WhisperNetDB\\src\\middlewares\\usersSchemaValidators.ts": {"path":"D:\\Projects\\WhisperNetDB\\src\\middlewares\\usersSchemaValidators.ts","statementMap":{"0":{"start":{"line":7,"column":27},"end":{"line":39,"column":1}},"1":{"start":{"line":8,"column":21},"end":{"line":8,"column":38}},"2":{"start":{"line":9,"column":21},"end":{"line":9,"column":38}},"3":{"start":{"line":10,"column":26},"end":{"line":10,"column":58}},"4":{"start":{"line":11,"column":19},"end":{"line":11,"column":34}},"5":{"start":{"line":13,"column":4},"end":{"line":38,"column":5}},"6":{"start":{"line":14,"column":55},"end":{"line":19,"column":10}},"7":{"start":{"line":21,"column":8},"end":{"line":21,"column":43}},"8":{"start":{"line":22,"column":8},"end":{"line":22,"column":57}},"9":{"start":{"line":24,"column":8},"end":{"line":30,"column":9}},"10":{"start":{"line":25,"column":12},"end":{"line":29,"column":15}},"11":{"start":{"line":32,"column":8},"end":{"line":32,"column":15}},"12":{"start":{"line":34,"column":8},"end":{"line":34,"column":29}},"13":{"start":{"line":35,"column":8},"end":{"line":37,"column":11}},"14":{"start":{"line":41,"column":26},"end":{"line":69,"column":1}},"15":{"start":{"line":42,"column":21},"end":{"line":42,"column":38}},"16":{"start":{"line":43,"column":21},"end":{"line":43,"column":38}},"17":{"start":{"line":45,"column":4},"end":{"line":68,"column":5}},"18":{"start":{"line":46,"column":55},"end":{"line":49,"column":10}},"19":{"start":{"line":51,"column":8},"end":{"line":51,"column":42}},"20":{"start":{"line":52,"column":8},"end":{"line":52,"column":57}},"21":{"start":{"line":54,"column":8},"end":{"line":60,"column":9}},"22":{"start":{"line":55,"column":12},"end":{"line":59,"column":15}},"23":{"start":{"line":62,"column":8},"end":{"line":62,"column":15}},"24":{"start":{"line":64,"column":8},"end":{"line":64,"column":29}},"25":{"start":{"line":65,"column":8},"end":{"line":67,"column":11}}},"fnMap":{"0":{"name":"(anonymous_0)","decl":{"start":{"line":7,"column":27},"end":{"line":7,"column":28}},"loc":{"start":{"line":7,"column":85},"end":{"line":39,"column":1}},"line":7},"1":{"name":"(anonymous_1)","decl":{"start":{"line":41,"column":26},"end":{"line":41,"column":27}},"loc":{"start":{"line":41,"column":84},"end":{"line":69,"column":1}},"line":41}},"branchMap":{"0":{"loc":{"start":{"line":24,"column":8},"end":{"line":30,"column":9}},"type":"if","locations":[{"start":{"line":24,"column":8},"end":{"line":30,"column":9}},{"start":{},"end":{}}],"line":24},"1":{"loc":{"start":{"line":54,"column":8},"end":{"line":60,"column":9}},"type":"if","locations":[{"start":{"line":54,"column":8},"end":{"line":60,"column":9}},{"start":{},"end":{}}],"line":54}},"s":{"0":1,"1":0,"2":0,"3":0,"4":0,"5":0,"6":0,"7":0,"8":0,"9":0,"10":0,"11":0,"12":0,"13":0,"14":1,"15":0,"16":0,"17":0,"18":0,"19":0,"20":0,"21":0,"22":0,"23":0,"24":0,"25":0},"f":{"0":0,"1":0},"b":{"0":[0,0],"1":[0,0]},"_coverageSchema":"1a1c01bbd47fc00a2c39e90264f33305004495a9","hash":"0fe1d22c8dd626aaf2c531c823dcc8e99657f834"}
,"D:\\Projects\\WhisperNetDB\\src\\routes\\index.ts": {"path":"D:\\Projects\\WhisperNetDB\\src\\routes\\index.ts","statementMap":{"0":{"start":{"line":6,"column":23},"end":{"line":6,"column":39}},"1":{"start":{"line":8,"column":0},"end":{"line":8,"column":32}},"2":{"start":{"line":10,"column":0},"end":{"line":14,"column":3}},"3":{"start":{"line":11,"column":4},"end":{"line":13,"column":7}}},"fnMap":{"0":{"name":"(anonymous_0)","decl":{"start":{"line":10,"column":16},"end":{"line":10,"column":17}},"loc":{"start":{"line":10,"column":28},"end":{"line":14,"column":1}},"line":10}},"branchMap":{},"s":{"0":1,"1":1,"2":1,"3":0},"f":{"0":0},"b":{},"_coverageSchema":"1a1c01bbd47fc00a2c39e90264f33305004495a9","hash":"0351e8336c56aa5f07d64acdbf3a59bc95da9164"}
,"D:\\Projects\\WhisperNetDB\\src\\routes\\userRoutes.ts": {"path":"D:\\Projects\\WhisperNetDB\\src\\routes\\userRoutes.ts","statementMap":{"0":{"start":{"line":8,"column":23},"end":{"line":8,"column":39}},"1":{"start":{"line":10,"column":0},"end":{"line":14,"column":3}},"2":{"start":{"line":11,"column":4},"end":{"line":13,"column":7}},"3":{"start":{"line":16,"column":0},"end":{"line":49,"column":3}},"4":{"start":{"line":17,"column":4},"end":{"line":48,"column":5}},"5":{"start":{"line":18,"column":33},"end":{"line":18,"column":50}},"6":{"start":{"line":19,"column":25},"end":{"line":19,"column":42}},"7":{"start":{"line":20,"column":36},"end":{"line":20,"column":68}},"8":{"start":{"line":21,"column":23},"end":{"line":21,"column":38}},"9":{"start":{"line":23,"column":21},"end":{"line":23,"column":87}},"10":{"start":{"line":24,"column":8},"end":{"line":28,"column":9}},"11":{"start":{"line":25,"column":12},"end":{"line":27,"column":15}},"12":{"start":{"line":30,"column":8},"end":{"line":30,"column":26}},"13":{"start":{"line":31,"column":22},"end":{"line":31,"column":55}},"14":{"start":{"line":32,"column":8},"end":{"line":36,"column":9}},"15":{"start":{"line":33,"column":12},"end":{"line":35,"column":15}},"16":{"start":{"line":37,"column":8},"end":{"line":41,"column":11}},"17":{"start":{"line":43,"column":8},"end":{"line":43,"column":29}},"18":{"start":{"line":44,"column":8},"end":{"line":47,"column":11}},"19":{"start":{"line":51,"column":0},"end":{"line":80,"column":3}},"20":{"start":{"line":52,"column":4},"end":{"line":78,"column":5}},"21":{"start":{"line":53,"column":25},"end":{"line":53,"column":42}},"22":{"start":{"line":54,"column":25},"end":{"line":54,"column":42}},"23":{"start":{"line":55,"column":20},"end":{"line":55,"column":62}},"24":{"start":{"line":56,"column":8},"end":{"line":60,"column":9}},"25":{"start":{"line":57,"column":12},"end":{"line":59,"column":15}},"26":{"start":{"line":61,"column":22},"end":{"line":61,"column":50}},"27":{"start":{"line":62,"column":8},"end":{"line":66,"column":9}},"28":{"start":{"line":63,"column":12},"end":{"line":65,"column":15}},"29":{"start":{"line":67,"column":8},"end":{"line":71,"column":11}},"30":{"start":{"line":73,"column":8},"end":{"line":73,"column":29}},"31":{"start":{"line":74,"column":8},"end":{"line":77,"column":11}}},"fnMap":{"0":{"name":"(anonymous_0)","decl":{"start":{"line":10,"column":16},"end":{"line":10,"column":17}},"loc":{"start":{"line":10,"column":30},"end":{"line":14,"column":1}},"line":10},"1":{"name":"(anonymous_1)","decl":{"start":{"line":16,"column":45},"end":{"line":16,"column":46}},"loc":{"start":{"line":16,"column":98},"end":{"line":49,"column":1}},"line":16},"2":{"name":"(anonymous_2)","decl":{"start":{"line":51,"column":41},"end":{"line":51,"column":42}},"loc":{"start":{"line":51,"column":94},"end":{"line":80,"column":1}},"line":51}},"branchMap":{"0":{"loc":{"start":{"line":24,"column":8},"end":{"line":28,"column":9}},"type":"if","locations":[{"start":{"line":24,"column":8},"end":{"line":28,"column":9}},{"start":{},"end":{}}],"line":24},"1":{"loc":{"start":{"line":32,"column":8},"end":{"line":36,"column":9}},"type":"if","locations":[{"start":{"line":32,"column":8},"end":{"line":36,"column":9}},{"start":{},"end":{}}],"line":32},"2":{"loc":{"start":{"line":56,"column":8},"end":{"line":60,"column":9}},"type":"if","locations":[{"start":{"line":56,"column":8},"end":{"line":60,"column":9}},{"start":{},"end":{}}],"line":56},"3":{"loc":{"start":{"line":62,"column":8},"end":{"line":66,"column":9}},"type":"if","locations":[{"start":{"line":62,"column":8},"end":{"line":66,"column":9}},{"start":{},"end":{}}],"line":62}},"s":{"0":1,"1":1,"2":0,"3":1,"4":0,"5":0,"6":0,"7":0,"8":0,"9":0,"10":0,"11":0,"12":0,"13":0,"14":0,"15":0,"16":0,"17":0,"18":0,"19":1,"20":0,"21":0,"22":0,"23":0,"24":0,"25":0,"26":0,"27":0,"28":0,"29":0,"30":0,"31":0},"f":{"0":0,"1":0,"2":0},"b":{"0":[0,0],"1":[0,0],"2":[0,0],"3":[0,0]},"_coverageSchema":"1a1c01bbd47fc00a2c39e90264f33305004495a9","hash":"fe134007d18f14f064cbef30a457eea151724476"}
,"D:\\Projects\\WhisperNetDB\\src\\schemas\\userSchema.ts": {"path":"D:\\Projects\\WhisperNetDB\\src\\schemas\\userSchema.ts","statementMap":{"0":{"start":{"line":14,"column":25},"end":{"line":19,"column":2}},"1":{"start":{"line":21,"column":24},"end":{"line":24,"column":2}}},"fnMap":{},"branchMap":{},"s":{"0":1,"1":1},"f":{},"b":{},"_coverageSchema":"1a1c01bbd47fc00a2c39e90264f33305004495a9","hash":"4e4138ff09c090ae83393ef2c0b46d6eb6bac807"}
,"D:\\Projects\\WhisperNetDB\\src\\util\\generateUID.ts": {"path":"D:\\Projects\\WhisperNetDB\\src\\util\\generateUID.ts","statementMap":{"0":{"start":{"line":8,"column":20},"end":{"line":16,"column":1}},"1":{"start":{"line":9,"column":4},"end":{"line":9,"column":37}},"2":{"start":{"line":10,"column":17},"end":{"line":10,"column":35}},"3":{"start":{"line":11,"column":17},"end":{"line":11,"column":41}},"4":{"start":{"line":12,"column":24},"end":{"line":12,"column":85}},"5":{"start":{"line":13,"column":22},"end":{"line":13,"column":58}},"6":{"start":{"line":14,"column":4},"end":{"line":14,"column":44}},"7":{"start":{"line":15,"column":4},"end":{"line":15,"column":21}}},"fnMap":{"0":{"name":"(anonymous_0)","decl":{"start":{"line":8,"column":20},"end":{"line":8,"column":21}},"loc":{"start":{"line":8,"column":106},"end":{"line":16,"column":1}},"line":8}},"branchMap":{"0":{"loc":{"start":{"line":8,"column":63},"end":{"line":8,"column":84}},"type":"default-arg","locations":[{"start":{"line":8,"column":78},"end":{"line":8,"column":84}}],"line":8}},"s":{"0":2,"1":10,"2":10,"3":10,"4":10,"5":10,"6":10,"7":10},"f":{"0":10},"b":{"0":[10]},"_coverageSchema":"1a1c01bbd47fc00a2c39e90264f33305004495a9","hash":"f84e9f71b15d2c1ed3ff1030663eeaee5367b1f0"}
}
