TN:
SF:src\server.ts
FN:11,main
FN:17,(anonymous_1)
FN:23,(anonymous_2)
FNF:3
FNH:1
FNDA:1,main
FNDA:0,(anonymous_1)
FNDA:0,(anonymous_2)
DA:8,1
DA:9,1
DA:10,1
DA:12,1
DA:14,1
DA:15,1
DA:16,1
DA:17,1
DA:18,0
DA:21,1
DA:23,0
DA:24,0
DA:46,1
LF:13
LH:10
BRF:0
BRH:0
end_of_record
TN:
SF:src\auth\authOps.ts
FN:11,(anonymous_0)
FN:24,(anonymous_1)
FN:34,(anonymous_2)
FN:54,(anonymous_3)
FNF:4
FNH:4
FNDA:13,(anonymous_0)
FNDA:4,(anonymous_1)
FNDA:2,(anonymous_2)
FNDA:2,(anonymous_3)
DA:7,3
DA:9,3
DA:11,3
DA:12,13
DA:13,13
DA:14,13
DA:15,13
DA:16,13
DA:18,0
DA:19,0
DA:20,0
DA:24,3
DA:25,4
DA:26,4
DA:28,0
DA:29,0
DA:30,0
DA:34,3
DA:35,2
DA:36,2
DA:37,2
DA:41,2
DA:45,2
DA:48,0
DA:49,0
DA:50,0
DA:54,3
DA:55,2
DA:56,2
DA:57,1
DA:59,1
DA:60,1
DA:61,1
LF:33
LH:24
BRDA:9,0,0,3
BRDA:9,0,1,3
BRF:2
BRH:2
end_of_record
TN:
SF:src\database\roomDB.ts
FN:14,(anonymous_0)
FN:18,(anonymous_1)
FN:39,(anonymous_2)
FN:42,(anonymous_3)
FN:55,(anonymous_4)
FNF:5
FNH:1
FNDA:1,(anonymous_0)
FNDA:0,(anonymous_1)
FNDA:0,(anonymous_2)
FNDA:0,(anonymous_3)
FNDA:0,(anonymous_4)
DA:11,1
DA:12,1
DA:15,1
DA:18,1
DA:19,0
DA:20,0
DA:21,0
DA:22,0
DA:24,0
DA:25,0
DA:26,0
DA:28,0
DA:29,0
DA:32,0
DA:34,0
DA:35,0
DA:39,1
DA:40,0
DA:41,0
DA:42,0
DA:43,0
DA:44,0
DA:45,0
DA:46,0
DA:48,0
DA:50,0
DA:51,0
DA:55,1
DA:56,0
DA:57,0
DA:58,0
DA:59,0
DA:60,0
DA:62,0
DA:63,0
DA:64,0
DA:66,0
DA:71,0
DA:72,0
DA:74,0
DA:75,0
LF:41
LH:6
BRDA:28,0,0,0
BRDA:28,0,1,0
BRDA:28,1,0,0
BRDA:28,1,1,0
BRDA:42,2,0,0
BRDA:42,2,1,0
BRDA:43,3,0,0
BRDA:43,3,1,0
BRDA:58,4,0,0
BRDA:58,4,1,0
BRDA:62,5,0,0
BRDA:62,5,1,0
BRF:12
BRH:0
end_of_record
TN:
SF:src\database\userDB.ts
FN:24,(anonymous_0)
FN:29,(anonymous_1)
FN:40,(anonymous_2)
FN:53,(anonymous_3)
FN:60,(anonymous_4)
FN:64,(anonymous_5)
FN:68,(anonymous_6)
FN:79,(anonymous_7)
FN:82,(anonymous_8)
FN:98,(anonymous_9)
FN:126,(anonymous_10)
FN:140,(anonymous_11)
FN:143,(anonymous_12)
FN:156,(anonymous_13)
FN:159,(anonymous_14)
FN:182,(anonymous_15)
FN:194,(anonymous_16)
FN:197,(anonymous_17)
FN:216,(anonymous_18)
FN:219,(anonymous_19)
FN:234,(anonymous_20)
FN:237,(anonymous_21)
FN:252,(anonymous_22)
FN:255,(anonymous_23)
FN:270,(anonymous_24)
FNF:25
FNH:17
FNDA:16,(anonymous_0)
FNDA:1,(anonymous_1)
FNDA:1,(anonymous_2)
FNDA:0,(anonymous_3)
FNDA:1,(anonymous_4)
FNDA:0,(anonymous_5)
FNDA:0,(anonymous_6)
FNDA:11,(anonymous_7)
FNDA:2,(anonymous_8)
FNDA:12,(anonymous_9)
FNDA:3,(anonymous_10)
FNDA:0,(anonymous_11)
FNDA:0,(anonymous_12)
FNDA:5,(anonymous_13)
FNDA:3,(anonymous_14)
FNDA:0,(anonymous_15)
FNDA:0,(anonymous_16)
FNDA:0,(anonymous_17)
FNDA:3,(anonymous_18)
FNDA:1,(anonymous_19)
FNDA:2,(anonymous_20)
FNDA:1,(anonymous_21)
FNDA:2,(anonymous_22)
FNDA:1,(anonymous_23)
FNDA:1,(anonymous_24)
DA:21,16
DA:22,16
DA:25,16
DA:29,16
DA:30,1
DA:31,1
DA:32,0
DA:33,0
DA:36,0
DA:37,0
DA:40,16
DA:41,1
DA:42,1
DA:44,1
DA:47,1
DA:48,1
DA:51,1
DA:54,0
DA:55,0
DA:60,1
DA:61,1
DA:65,0
DA:66,0
DA:69,0
DA:70,0
DA:74,0
DA:75,0
DA:79,16
DA:80,11
DA:81,11
DA:82,11
DA:83,11
DA:84,1
DA:85,1
DA:86,1
DA:87,1
DA:89,10
DA:90,10
DA:92,0
DA:93,0
DA:94,0
DA:98,16
DA:99,12
DA:100,12
DA:101,12
DA:102,1
DA:103,11
DA:104,1
DA:105,1
DA:107,10
DA:108,10
DA:109,10
DA:116,10
DA:117,10
DA:119,10
DA:121,0
DA:122,0
DA:126,16
DA:127,3
DA:128,3
DA:129,1
DA:131,2
DA:132,2
DA:133,1
DA:134,1
DA:136,1
DA:137,1
DA:140,16
DA:141,0
DA:142,0
DA:143,0
DA:144,0
DA:145,0
DA:146,0
DA:148,0
DA:149,0
DA:151,0
DA:152,0
DA:156,16
DA:157,5
DA:158,5
DA:159,5
DA:160,3
DA:166,3
DA:168,5
DA:169,2
DA:170,2
DA:172,3
DA:173,3
DA:174,3
DA:176,0
DA:177,0
DA:178,0
DA:182,16
DA:183,0
DA:184,0
DA:185,0
DA:186,0
DA:187,0
DA:189,0
DA:190,0
DA:194,16
DA:195,0
DA:196,0
DA:197,0
DA:198,0
DA:204,0
DA:206,0
DA:207,0
DA:208,0
DA:210,0
DA:211,0
DA:212,0
DA:216,16
DA:217,3
DA:218,3
DA:219,3
DA:220,3
DA:221,2
DA:222,2
DA:224,1
DA:225,1
DA:226,1
DA:228,0
DA:229,0
DA:230,0
DA:234,16
DA:235,2
DA:236,2
DA:237,2
DA:238,2
DA:239,1
DA:240,1
DA:242,1
DA:243,1
DA:244,1
DA:246,0
DA:247,0
DA:248,0
DA:252,16
DA:253,2
DA:254,2
DA:255,2
DA:256,2
DA:257,1
DA:258,1
DA:260,1
DA:261,1
DA:262,1
DA:264,0
DA:265,0
DA:266,0
DA:270,16
DA:271,1
DA:272,1
DA:273,1
DA:274,1
DA:275,1
DA:277,0
DA:278,0
DA:279,0
LF:161
LH:101
BRDA:31,0,0,0
BRDA:31,0,1,1
BRDA:83,1,0,1
BRDA:83,1,1,10
BRDA:101,2,0,1
BRDA:101,2,1,11
BRDA:103,3,0,1
BRDA:103,3,1,10
BRDA:128,4,0,1
BRDA:128,4,1,2
BRDA:128,5,0,3
BRDA:128,5,1,2
BRDA:128,5,2,2
BRDA:132,6,0,1
BRDA:132,6,1,1
BRDA:144,7,0,0
BRDA:144,7,1,0
BRDA:156,8,0,5
BRDA:161,9,0,3
BRDA:161,9,1,0
BRDA:162,10,0,0
BRDA:162,10,1,3
BRDA:163,11,0,0
BRDA:163,11,1,3
BRDA:164,12,0,0
BRDA:164,12,1,3
BRDA:166,13,0,3
BRDA:166,13,1,0
BRDA:168,14,0,2
BRDA:168,14,1,3
BRDA:199,15,0,0
BRDA:199,15,1,0
BRDA:200,16,0,0
BRDA:200,16,1,0
BRDA:201,17,0,0
BRDA:201,17,1,0
BRDA:202,18,0,0
BRDA:202,18,1,0
BRDA:220,19,0,2
BRDA:220,19,1,1
BRDA:238,20,0,1
BRDA:238,20,1,1
BRDA:256,21,0,1
BRDA:256,21,1,1
BRF:44
BRH:28
end_of_record
TN:
SF:src\middlewares\usersSchemaValidators.ts
FN:7,(anonymous_0)
FN:41,(anonymous_1)
FNF:2
FNH:0
FNDA:0,(anonymous_0)
FNDA:0,(anonymous_1)
DA:7,1
DA:8,0
DA:9,0
DA:10,0
DA:11,0
DA:13,0
DA:14,0
DA:21,0
DA:22,0
DA:24,0
DA:25,0
DA:32,0
DA:34,0
DA:35,0
DA:41,1
DA:42,0
DA:43,0
DA:45,0
DA:46,0
DA:51,0
DA:52,0
DA:54,0
DA:55,0
DA:62,0
DA:64,0
DA:65,0
LF:26
LH:2
BRDA:24,0,0,0
BRDA:24,0,1,0
BRDA:54,1,0,0
BRDA:54,1,1,0
BRF:4
BRH:0
end_of_record
TN:
SF:src\routes\index.ts
FN:10,(anonymous_0)
FNF:1
FNH:0
FNDA:0,(anonymous_0)
DA:6,1
DA:8,1
DA:10,1
DA:11,0
LF:4
LH:3
BRF:0
BRH:0
end_of_record
TN:
SF:src\routes\userRoutes.ts
FN:10,(anonymous_0)
FN:16,(anonymous_1)
FN:51,(anonymous_2)
FNF:3
FNH:0
FNDA:0,(anonymous_0)
FNDA:0,(anonymous_1)
FNDA:0,(anonymous_2)
DA:8,1
DA:10,1
DA:11,0
DA:16,1
DA:17,0
DA:18,0
DA:19,0
DA:20,0
DA:21,0
DA:23,0
DA:24,0
DA:25,0
DA:30,0
DA:31,0
DA:32,0
DA:33,0
DA:37,0
DA:43,0
DA:44,0
DA:51,1
DA:52,0
DA:53,0
DA:54,0
DA:55,0
DA:56,0
DA:57,0
DA:61,0
DA:62,0
DA:63,0
DA:67,0
DA:73,0
DA:74,0
LF:32
LH:4
BRDA:24,0,0,0
BRDA:24,0,1,0
BRDA:32,1,0,0
BRDA:32,1,1,0
BRDA:56,2,0,0
BRDA:56,2,1,0
BRDA:62,3,0,0
BRDA:62,3,1,0
BRF:8
BRH:0
end_of_record
TN:
SF:src\schemas\userSchema.ts
FNF:0
FNH:0
DA:14,1
DA:21,1
LF:2
LH:2
BRF:0
BRH:0
end_of_record
TN:
SF:src\util\generateUID.ts
FN:8,(anonymous_0)
FNF:1
FNH:1
FNDA:10,(anonymous_0)
DA:8,2
DA:9,10
DA:10,10
DA:11,10
DA:12,10
DA:13,10
DA:14,10
DA:15,10
LF:8
LH:8
BRDA:8,0,0,10
BRF:1
BRH:1
end_of_record
